Deploy complete @ Sun Apr 15 2018 11:33:35 GMT-0500 (EST). added/changed 1 file(s): sections/collection--design.liquid.
Deploy complete @ Sun Apr 15 2018 11:33:42 GMT-0500 (EST). added/changed 1 file(s): snippets/design--blocks.liquid.
Deploy complete @ Sun Apr 15 2018 11:34:12 GMT-0500 (EST). added/changed 1 file(s): snippets/design--blocks.liquid.
Deploy complete @ Sun Apr 15 2018 11:43:59 GMT-0500 (EST). added/changed 1 file(s): snippets/design--blocks.liquid.
Deploy complete @ Sun Apr 15 2018 11:51:37 GMT-0500 (EST). added/changed 1 file(s): sections/collection--design.liquid.
Deploy complete @ Sun Apr 15 2018 11:53:07 GMT-0500 (EST). added/changed 1 file(s): snippets/design--blocks.liquid.
Deploy complete @ Sun Apr 15 2018 11:53:13 GMT-0500 (EST). added/changed 1 file(s): snippets/design--blocks.liquid.
Deploy complete @ Sun Apr 15 2018 11:54:29 GMT-0500 (EST). added/changed 1 file(s): sections/collection--design.liquid.
Deploy complete @ Sun Apr 15 2018 11:57:21 GMT-0500 (EST). added/changed 1 file(s): sections/collection--design.liquid.
Deploy complete @ Sun Apr 15 2018 12:02:29 GMT-0500 (EST). removed 1 file(s): snippets/design--blocks.liquid.
Deploy complete @ Sun Apr 15 2018 12:06:14 GMT-0500 (EST). added/changed 1 file(s): sections/collection--design.liquid.
Deploy complete @ Sun Apr 15 2018 12:06:15 GMT-0500 (EST). added/changed 1 file(s): sections/collection--design.liquid.
Deploy complete @ Mon Apr 16 2018 15:53:53 GMT-0500 (EST). added/changed 1 file(s): sections/collection--design.liquid.
Deploy complete @ Mon Apr 16 2018 15:54:21 GMT-0500 (EST). added/changed 1 file(s): snippets/product-api.liquid.
Deploy complete @ Mon Apr 16 2018 15:55:08 GMT-0500 (EST). added/changed 1 file(s): snippets/product--form.liquid.
Deploy complete @ Mon Apr 16 2018 15:55:40 GMT-0500 (EST). added/changed 1 file(s): snippets/product-toggle.liquid.
Deploy complete @ Mon Apr 16 2018 15:56:05 GMT-0500 (EST). added/changed 1 file(s): snippets/related--products.liquid.
Deploy complete @ Mon Apr 16 2018 15:56:33 GMT-0500 (EST). added/changed 1 file(s): snippets/pocket--grid--item.liquid.
Deploy complete @ Mon Apr 16 2018 15:56:59 GMT-0500 (EST). added/changed 1 file(s): sections/collection--section.liquid.
Deploy complete @ Mon Apr 16 2018 15:57:15 GMT-0500 (EST). added/changed 1 file(s): sections/collection-list.liquid.
Deploy complete @ Mon Apr 16 2018 15:57:43 GMT-0500 (EST). added/changed 1 file(s): sections/product--normal.liquid.
Deploy complete @ Mon Apr 16 2018 15:58:38 GMT-0500 (EST). added/changed 1 file(s): layout/theme.liquid.
Deploy complete @ Mon Apr 16 2018 15:59:16 GMT-0500 (EST). added/changed 1 file(s): assets/filter-product-urlparams.js.
Deploy complete @ Mon Apr 16 2018 15:59:17 GMT-0500 (EST). added/changed 1 file(s): assets/filter-product-urlparams.js.
Deploy complete @ Mon Apr 16 2018 15:59:28 GMT-0500 (EST). added/changed 1 file(s): assets/filter-product-urlparams.js.
Deploy complete @ Mon Apr 16 2018 15:59:51 GMT-0500 (EST). added/changed 1 file(s): assets/format-js-currency.js.
Deploy complete @ Mon Apr 16 2018 15:59:58 GMT-0500 (EST). added/changed 1 file(s): assets/random-color.js.
Deploy complete @ Mon Apr 16 2018 16:00:06 GMT-0500 (EST). added/changed 1 file(s): assets/random-model-image.js.
Deploy complete @ Mon Apr 16 2018 16:00:21 GMT-0500 (EST). added/changed 3 file(s): assets/theme.css.liquid, assets/theme.css.liquid, assets/theme.scss.liquid.
Deploy complete @ Mon Apr 16 2018 16:04:48 GMT-0500 (EST). added/changed 1 file(s): sections/collection--sidebar.liquid.
Deploy complete @ Mon Apr 16 2018 16:07:27 GMT-0500 (EST). added/changed 1 file(s): templates/collection.liquid.
Deploy complete @ Mon Apr 16 2018 16:07:30 GMT-0500 (EST). added/changed 1 file(s): sections/collection--sidebar.liquid.
Deploy complete @ Mon Apr 16 2018 16:07:53 GMT-0500 (EST). added/changed 1 file(s): templates/collection.liquid.
Deploy complete @ Mon Apr 16 2018 16:08:29 GMT-0500 (EST). added/changed 1 file(s): templates/collection.liquid.
Deploy complete @ Mon Apr 16 2018 16:10:19 GMT-0500 (EST). added/changed 1 file(s): templates/collection.liquid.
